<?xml version="1.0" encoding="UTF-8"?>
<!-- Generated by org.testng.reporters.JUnitReportReporter -->
<testsuite hostname="ARAVIND" failures="0" tests="7" name="test.Day3" time="0.011" errors="0" timestamp="2025-02-25T12:19:15 IST" skipped="1">
  <testcase classname="test.Day3" name="MobileSignOut" time="0.002"/>
  <system-out/>
  <testcase classname="test.Day3" name="WebLoginCarLoan" time="0.003"/>
  <system-out/>
  <testcase classname="test.Day3" name="MobileLoginCarLoan" time="0.001"/>
  <system-out/>
  <testcase classname="test.Day3" name="APILoginCarLoan" time="0.001"/>
  <system-out/>
  <testcase classname="test.Day3" name="MobileSignOut" time="0.001"/>
  <system-out/>
  <testcase classname="test.Day3" name="MobileSignOut" time="0.003"/>
  <system-out/>
  <testcase classname="test.Day3" name="MobileSignIn">
    <skipped/>
  </testcase> <!-- MobileSignIn -->
  <system-out/>
</testsuite> <!-- test.Day3 -->
