<?xml version="1.0" encoding="UTF-8"?>
<!-- Generated by org.testng.reporters.JUnitReportReporter -->
<testsuite hostname="ARAVIND" failures="0" tests="3" name="test.Day4" time="0.010" errors="0" timestamp="2025-02-25T12:19:15 IST" skipped="0">
  <testcase classname="test.Day4" name="RESTAPILoginHomeLoan" time="0.002"/>
  <system-out/>
  <testcase classname="test.Day4" name="MobileLoginHomeLoan" time="0.001"/>
  <system-out/>
  <testcase classname="test.Day4" name="WebLoginHomeLoan" time="0.007"/>
  <system-out/>
</testsuite> <!-- test.Day4 -->
